ERROR - 2022-05-18 22:50:31 --> Error connecting to the database: Call to undefined function CodeIgniter\Database\Postgre\pg_connect()
CRITICAL - 2022-05-18 22:50:31 --> Unable to connect to the database.
Main connection [postgre]: Call to undefined function CodeIgniter\Database\Postgre\pg_connect()
#0 C:\xampp\htdocs\API-Server\system\Database\BaseConnection.php(577): CodeIgniter\Database\BaseConnection->initialize()
#1 C:\xampp\htdocs\API-Server\system\Database\BaseBuilder.php(1455): CodeIgniter\Database\BaseConnection->query('SELECT "u"."id"...', Array, false)
#2 C:\xampp\htdocs\API-Server\app\Controllers\User.php(18): CodeIgniter\Database\BaseBuilder->get()
#3 C:\xampp\htdocs\API-Server\system\CodeIgniter.php(832): App\Controllers\User->get_user_list()
#4 C:\xampp\htdocs\API-Server\system\CodeIgniter.php(419): CodeIgniter\CodeIgniter->runController(Object(App\Controllers\User))
#5 C:\xampp\htdocs\API-Server\system\CodeIgniter.php(326): CodeIgniter\CodeIgniter->handleRequest(NULL, Object(Config\Cache), false)
#6 C:\xampp\htdocs\API-Server\public\index.php(37): CodeIgniter\CodeIgniter->run()
#7 {main}
ERROR - 2022-05-18 22:50:31 --> Error connecting to the database: Call to undefined function CodeIgniter\Database\Postgre\pg_connect()
CRITICAL - 2022-05-18 22:50:31 --> Unable to connect to the database.
Main connection [postgre]: Call to undefined function CodeIgniter\Database\Postgre\pg_connect()
#0 C:\xampp\htdocs\API-Server\system\Database\BaseConnection.php(577): CodeIgniter\Database\BaseConnection->initialize()
#1 C:\xampp\htdocs\API-Server\system\Database\BaseBuilder.php(1455): CodeIgniter\Database\BaseConnection->query('SELECT "u"."id"...', Array, false)
#2 C:\xampp\htdocs\API-Server\app\Controllers\User.php(18): CodeIgniter\Database\BaseBuilder->get()
#3 C:\xampp\htdocs\API-Server\system\CodeIgniter.php(832): App\Controllers\User->get_user_list()
#4 C:\xampp\htdocs\API-Server\system\CodeIgniter.php(419): CodeIgniter\CodeIgniter->runController(Object(App\Controllers\User))
#5 C:\xampp\htdocs\API-Server\system\CodeIgniter.php(326): CodeIgniter\CodeIgniter->handleRequest(NULL, Object(Config\Cache), false)
#6 C:\xampp\htdocs\API-Server\public\index.php(37): CodeIgniter\CodeIgniter->run()
#7 {main}
ERROR - 2022-05-18 22:50:31 --> Error connecting to the database: Call to undefined function CodeIgniter\Database\Postgre\pg_connect()
CRITICAL - 2022-05-18 22:50:31 --> Unable to connect to the database.
Main connection [postgre]: Call to undefined function CodeIgniter\Database\Postgre\pg_connect()
#0 C:\xampp\htdocs\API-Server\system\Database\BaseConnection.php(577): CodeIgniter\Database\BaseConnection->initialize()
#1 C:\xampp\htdocs\API-Server\system\Database\BaseBuilder.php(1455): CodeIgniter\Database\BaseConnection->query('SELECT "u"."id"...', Array, false)
#2 C:\xampp\htdocs\API-Server\app\Controllers\User.php(18): CodeIgniter\Database\BaseBuilder->get()
#3 C:\xampp\htdocs\API-Server\system\CodeIgniter.php(832): App\Controllers\User->get_user_list()
#4 C:\xampp\htdocs\API-Server\system\CodeIgniter.php(419): CodeIgniter\CodeIgniter->runController(Object(App\Controllers\User))
#5 C:\xampp\htdocs\API-Server\system\CodeIgniter.php(326): CodeIgniter\CodeIgniter->handleRequest(NULL, Object(Config\Cache), false)
#6 C:\xampp\htdocs\API-Server\public\index.php(37): CodeIgniter\CodeIgniter->run()
#7 {main}
